<?xml version="1.0" encoding="UTF-8"?>
<!-- Generated by org.testng.reporters.JUnitReportReporter -->
<testsuite skipped="0" hostname="DESKTOP-U4I4R8J" name="Log4JDemo.Demo" tests="1" failures="0" timestamp="20 Oct 2018 15:24:31 GMT" time="0.097" errors="0">
  <testcase name="m1" time="0.097" classname="Log4JDemo.Demo"/>
</testsuite> <!-- Log4JDemo.Demo -->
